<?xml version="1.0" encoding="UTF-8"?>
<!-- Generated by org.testng.reporters.JUnitReportReporter -->
<testsuite skipped="0" hostname="LAPTOP-C3E1HSB0" name="com.tests.RegressionTests" tests="1" failures="0" timestamp="2022-05-18T17:46:35 IST" time="18.688" errors="0">
  <testcase name="verifyConfirmationAlertIsOpened" time="18.688" classname="com.tests.RegressionTests"/>
  <system-out/>
</testsuite> <!-- com.tests.RegressionTests -->
