<?xml version="1.0" encoding="UTF-8"?>
<!-- Generated by org.testng.reporters.JUnitReportReporter -->
<testsuite skipped="0" hostname="LAPTOP-C3E1HSB0" name="com.resonance.RegressionTests" tests="1" failures="0" timestamp="16 May 2022 05:43:37 GMT" time="8.015" errors="0">
  <testcase name="verifyTitleOfHomePage" time="8.015" classname="com.resonance.RegressionTests"/>
</testsuite> <!-- com.resonance.RegressionTests -->
